<?xml version="1.0" encoding="UTF-8"?>
<!-- Generated by org.testng.reporters.JUnitReportReporter -->
<testsuite hostname="BG4NB0447" failures="0" tests="1" name="testCases.TC001_AccountRegistrationTest" time="3.738" errors="0" timestamp="2024-10-24T14:19:55 IST" skipped="0">
  <testcase classname="testCases.TC001_AccountRegistrationTest" name="verify_account_registration" time="3.738"/>
</testsuite> <!-- testCases.TC001_AccountRegistrationTest -->
